# JRE version: Java(TM) SE Runtime Environment (8.0_73-b02) (build 1.8.0_73-b02)
# Java VM: Java HotSpot(TM) 64-Bit Server VM (25.73-b02 mixed mode windows-amd64 compressed oops)
Heap:
 PSYoungGen      total 699392K, used 140266K [0x000000076b900000, 0x00000007a9580000, 0x00000007c0000000)
  eden space 683520K, 18% used [0x000000076b900000,0x000000077327c7a8,0x0000000795480000)
  from space 15872K, 99% used [0x0000000795480000,0x00000007963fe0e0,0x0000000796400000)
  to   space 23040K, 0% used [0x00000007a7f00000,0x00000007a7f00000,0x00000007a9580000)
 ParOldGen       total 113664K, used 31900K [0x00000006c2a00000, 0x00000006c9900000, 0x000000076b900000)
  object space 113664K, 28% used [0x00000006c2a00000,0x00000006c49270a0,0x00000006c9900000)
 Metaspace       used 55916K, capacity 58888K, committed 59136K, reserved 1099776K
  class space    used 7606K, capacity 8148K, committed 8192K, reserved 1048576K
GC Heap History (10 events):
Event: 9.303 GC heap before
{Heap before GC invocations=9 (full 1):
 PSYoungGen      total 254464K, used 251823K [0x000000076b900000, 0x0000000788a80000, 0x00000007c0000000)
  eden space 240128K, 100% used [0x000000076b900000,0x000000077a380000,0x000000077a380000)
  from space 14336K, 81% used [0x000000077a380000,0x000000077aeebe18,0x000000077b180000)
  to   space 14848K, 0% used [0x0000000787c00000,0x0000000787c00000,0x0000000788a80000)
 ParOldGen       total 79360K, used 9241K [0x00000006c2a00000, 0x00000006c7780000, 0x000000076b900000)
  object space 79360K, 11% used [0x00000006c2a00000,0x00000006c3306628,0x00000006c7780000)
 Metaspace       used 32282K, capacity 33498K, committed 33536K, reserved 1079296K
  class space    used 4346K, capacity 4595K, committed 4608K, reserved 1048576K
Event: 9.309 GC heap after
Heap after GC invocations=9 (full 1):
 PSYoungGen      total 461824K, used 10706K [0x000000076b900000, 0x0000000788f80000, 0x00000007c0000000)
  eden space 446976K, 0% used [0x000000076b900000,0x000000076b900000,0x0000000786d80000)
  from space 14848K, 72% used [0x0000000787c00000,0x0000000788674a48,0x0000000788a80000)
  to   space 14848K, 0% used [0x0000000786d80000,0x0000000786d80000,0x0000000787c00000)
 ParOldGen       total 79360K, used 9249K [0x00000006c2a00000, 0x00000006c7780000, 0x000000076b900000)
  object space 79360K, 11% used [0x00000006c2a00000,0x00000006c3308628,0x00000006c7780000)
 Metaspace       used 32282K, capacity 33498K, committed 33536K, reserved 1079296K
  class space    used 4346K, capacity 4595K, committed 4608K, reserved 1048576K
}
Event: 9.426 GC heap before
{Heap before GC invocations=10 (full 1):
 PSYoungGen      total 461824K, used 457682K [0x000000076b900000, 0x0000000788f80000, 0x00000007c0000000)
  eden space 446976K, 100% used [0x000000076b900000,0x0000000786d80000,0x0000000786d80000)
  from space 14848K, 72% used [0x0000000787c00000,0x0000000788674a48,0x0000000788a80000)
  to   space 14848K, 0% used [0x0000000786d80000,0x0000000786d80000,0x0000000787c00000)
 ParOldGen       total 79360K, used 9249K [0x00000006c2a00000, 0x00000006c7780000, 0x000000076b900000)
  object space 79360K, 11% used [0x00000006c2a00000,0x00000006c3308628,0x00000006c7780000)
 Metaspace       used 32452K, capacity 33710K, committed 33920K, reserved 1079296K
  class space    used 4377K, capacity 4639K, committed 4736K, reserved 1048576K
Event: 9.433 GC heap after
Heap after GC invocations=10 (full 1):
 PSYoungGen      total 461824K, used 2371K [0x000000076b900000, 0x0000000797780000, 0x00000007c0000000)
  eden space 446976K, 0% used [0x000000076b900000,0x000000076b900000,0x0000000786d80000)
  from space 14848K, 15% used [0x0000000786d80000,0x0000000786fd0c18,0x0000000787c00000)
  to   space 15872K, 0% used [0x0000000796800000,0x0000000796800000,0x0000000797780000)
 ParOldGen       total 79360K, used 18102K [0x00000006c2a00000, 0x00000006c7780000, 0x000000076b900000)
  object space 79360K, 22% used [0x00000006c2a00000,0x00000006c3badbf0,0x00000006c7780000)
 Metaspace       used 32452K, capacity 33710K, committed 33920K, reserved 1079296K
  class space    used 4377K, capacity 4639K, committed 4736K, reserved 1048576K
}
Event: 9.711 GC heap before
{Heap before GC invocations=11 (full 1):
 PSYoungGen      total 461824K, used 280290K [0x000000076b900000, 0x0000000797780000, 0x00000007c0000000)
  eden space 446976K, 62% used [0x000000076b900000,0x000000077c867f60,0x0000000786d80000)
  from space 14848K, 15% used [0x0000000786d80000,0x0000000786fd0c18,0x0000000787c00000)
  to   space 15872K, 0% used [0x0000000796800000,0x0000000796800000,0x0000000797780000)
 ParOldGen       total 79360K, used 18102K [0x00000006c2a00000, 0x00000006c7780000, 0x000000076b900000)
  object space 79360K, 22% used [0x00000006c2a00000,0x00000006c3badbf0,0x00000006c7780000)
 Metaspace       used 34100K, capacity 35398K, committed 35496K, reserved 1079296K
  class space    used 4591K, capacity 4849K, committed 4864K, reserved 1048576K
Event: 9.716 GC heap after
Heap after GC invocations=11 (full 1):
 PSYoungGen      total 695296K, used 3963K [0x000000076b900000, 0x0000000797380000, 0x00000007c0000000)
  eden space 683520K, 0% used [0x000000076b900000,0x000000076b900000,0x0000000795480000)
  from space 11776K, 33% used [0x0000000796800000,0x0000000796bded68,0x0000000797380000)
  to   space 15872K, 0% used [0x0000000795480000,0x0000000795480000,0x0000000796400000)
 ParOldGen       total 79360K, used 19454K [0x00000006c2a00000, 0x00000006c7780000, 0x000000076b900000)
  object space 79360K, 24% used [0x00000006c2a00000,0x00000006c3cffbf0,0x00000006c7780000)
 Metaspace       used 34100K, capacity 35398K, committed 35496K, reserved 1079296K
  class space    used 4591K, capacity 4849K, committed 4864K, reserved 1048576K
}
Event: 9.716 GC heap before
{Heap before GC invocations=12 (full 2):
 PSYoungGen      total 695296K, used 3963K [0x000000076b900000, 0x0000000797380000, 0x00000007c0000000)
  eden space 683520K, 0% used [0x000000076b900000,0x000000076b900000,0x0000000795480000)
  from space 11776K, 33% used [0x0000000796800000,0x0000000796bded68,0x0000000797380000)
  to   space 15872K, 0% used [0x0000000795480000,0x0000000795480000,0x0000000796400000)
 ParOldGen       total 79360K, used 19454K [0x00000006c2a00000, 0x00000006c7780000, 0x000000076b900000)
  object space 79360K, 24% used [0x00000006c2a00000,0x00000006c3cffbf0,0x00000006c7780000)
 Metaspace       used 34100K, capacity 35398K, committed 35496K, reserved 1079296K
  class space    used 4591K, capacity 4849K, committed 4864K, reserved 1048576K
Event: 9.778 GC heap after
Heap after GC invocations=12 (full 2):
 PSYoungGen      total 695296K, used 0K [0x000000076b900000, 0x0000000797380000, 0x00000007c0000000)
  eden space 683520K, 0% used [0x000000076b900000,0x000000076b900000,0x0000000795480000)
  from space 11776K, 0% used [0x0000000796800000,0x0000000796800000,0x0000000797380000)
  to   space 15872K, 0% used [0x0000000795480000,0x0000000795480000,0x0000000796400000)
 ParOldGen       total 113664K, used 17904K [0x00000006c2a00000, 0x00000006c9900000, 0x000000076b900000)
  object space 113664K, 15% used [0x00000006c2a00000,0x00000006c3b7c2a8,0x00000006c9900000)
 Metaspace       used 34100K, capacity 35398K, committed 35496K, reserved 1079296K
  class space    used 4591K, capacity 4849K, committed 4864K, reserved 1048576K
}
Event: 14.574 GC heap before
{Heap before GC invocations=13 (full 2):
 PSYoungGen      total 695296K, used 683520K [0x000000076b900000, 0x0000000797380000, 0x00000007c0000000)
  eden space 683520K, 100% used [0x000000076b900000,0x0000000795480000,0x0000000795480000)
  from space 11776K, 0% used [0x0000000796800000,0x0000000796800000,0x0000000797380000)
  to   space 15872K, 0% used [0x0000000795480000,0x0000000795480000,0x0000000796400000)
 ParOldGen       total 113664K, used 17904K [0x00000006c2a00000, 0x00000006c9900000, 0x000000076b900000)
  object space 113664K, 15% used [0x00000006c2a00000,0x00000006c3b7c2a8,0x00000006c9900000)
 Metaspace       used 53073K, capacity 55840K, committed 56064K, reserved 1097728K
  class space    used 7130K, capacity 7614K, committed 7680K, reserved 1048576K
Event: 14.592 GC heap after
Heap after GC invocations=13 (full 2):
 PSYoungGen      total 699392K, used 15864K [0x000000076b900000, 0x00000007a9580000, 0x00000007c0000000)
  eden space 683520K, 0% used [0x000000076b900000,0x000000076b900000,0x0000000795480000)
  from space 15872K, 99% used [0x0000000795480000,0x00000007963fe0e0,0x0000000796400000)
  to   space 23040K, 0% used [0x00000007a7f00000,0x00000007a7f00000,0x00000007a9580000)
 ParOldGen       total 113664K, used 31900K [0x00000006c2a00000, 0x00000006c9900000, 0x000000076b900000)
  object space 113664K, 28% used [0x00000006c2a00000,0x00000006c49270a0,0x00000006c9900000)
 Metaspace       used 53073K, capacity 55840K, committed 56064K, reserved 1097728K
  class space    used 7130K, capacity 7614K, committed 7680K, reserved 1048576K
}

