# JRE version: Java(TM) SE Runtime Environment (8.0_152-b16) (build 1.8.0_152-b16)
# Java VM: Java HotSpot(TM) 64-Bit Server VM (25.152-b16 mixed mode windows-amd64 compressed oops)
Heap:
 PSYoungGen      total 1078784K, used 1078779K [0x000000076b900000, 0x00000007b4d00000, 0x00000007c0000000)
  eden space 1055744K, 100% used [0x000000076b900000,0x00000007ac000000,0x00000007ac000000)
  from space 23040K, 99% used [0x00000007b3680000,0x00000007b4cfedd0,0x00000007b4d00000)
  to   space 27648K, 47% used [0x00000007b1700000,0x00000007b23b4100,0x00000007b3200000)
 ParOldGen       total 172544K, used 59779K [0x00000006c2a00000, 0x00000006cd280000, 0x000000076b900000)
  object space 172544K, 34% used [0x00000006c2a00000,0x00000006c6460fa0,0x00000006cd280000)
 Metaspace       used 84754K, capacity 90090K, committed 90240K, reserved 1128448K
  class space    used 11235K, capacity 12143K, committed 12160K, reserved 1048576K
GC Heap History (10 events):
Event: 9.859 GC heap after
Heap after GC invocations=13 (full 2):
 PSYoungGen      total 558080K, used 955K [0x000000076b900000, 0x000000079ed80000, 0x00000007c0000000)
  eden space 542720K, 0% used [0x000000076b900000,0x000000076b900000,0x000000078cb00000)
  from space 15360K, 6% used [0x000000078cb00000,0x000000078cbeeef0,0x000000078da00000)
  to   space 15872K, 0% used [0x000000079de00000,0x000000079de00000,0x000000079ed80000)
 ParOldGen       total 117760K, used 18094K [0x00000006c2a00000, 0x00000006c9d00000, 0x000000076b900000)
  object space 117760K, 15% used [0x00000006c2a00000,0x00000006c3babb30,0x00000006c9d00000)
 Metaspace       used 34531K, capacity 35752K, committed 35968K, reserved 1081344K
  class space    used 4613K, capacity 4870K, committed 4992K, reserved 1048576K
}
Event: 10.372 GC heap before
{Heap before GC invocations=14 (full 2):
 PSYoungGen      total 558080K, used 543675K [0x000000076b900000, 0x000000079ed80000, 0x00000007c0000000)
  eden space 542720K, 100% used [0x000000076b900000,0x000000078cb00000,0x000000078cb00000)
  from space 15360K, 6% used [0x000000078cb00000,0x000000078cbeeef0,0x000000078da00000)
  to   space 15872K, 0% used [0x000000079de00000,0x000000079de00000,0x000000079ed80000)
 ParOldGen       total 117760K, used 18094K [0x00000006c2a00000, 0x00000006c9d00000, 0x000000076b900000)
  object space 117760K, 15% used [0x00000006c2a00000,0x00000006c3babb30,0x00000006c9d00000)
 Metaspace       used 36836K, capacity 38112K, committed 38272K, reserved 1083392K
  class space    used 4959K, capacity 5240K, committed 5248K, reserved 1048576K
Event: 10.376 GC heap after
Heap after GC invocations=14 (full 2):
 PSYoungGen      total 803328K, used 5006K [0x000000076b900000, 0x000000079e300000, 0x00000007c0000000)
  eden space 798208K, 0% used [0x000000076b900000,0x000000076b900000,0x000000079c480000)
  from space 5120K, 97% used [0x000000079de00000,0x000000079e2e3a78,0x000000079e300000)
  to   space 15360K, 0% used [0x000000079c500000,0x000000079c500000,0x000000079d400000)
 ParOldGen       total 117760K, used 18550K [0x00000006c2a00000, 0x00000006c9d00000, 0x000000076b900000)
  object space 117760K, 15% used [0x00000006c2a00000,0x00000006c3c1db30,0x00000006c9d00000)
 Metaspace       used 36836K, capacity 38112K, committed 38272K, reserved 1083392K
  class space    used 4959K, capacity 5240K, committed 5248K, reserved 1048576K
}
Event: 14.962 GC heap before
{Heap before GC invocations=15 (full 2):
 PSYoungGen      total 803328K, used 572999K [0x000000076b900000, 0x000000079e300000, 0x00000007c0000000)
  eden space 798208K, 71% used [0x000000076b900000,0x000000078e3ae520,0x000000079c480000)
  from space 5120K, 97% used [0x000000079de00000,0x000000079e2e3a78,0x000000079e300000)
  to   space 15360K, 0% used [0x000000079c500000,0x000000079c500000,0x000000079d400000)
 ParOldGen       total 117760K, used 18550K [0x00000006c2a00000, 0x00000006c9d00000, 0x000000076b900000)
  object space 117760K, 15% used [0x00000006c2a00000,0x00000006c3c1db30,0x00000006c9d00000)
 Metaspace       used 56658K, capacity 59044K, committed 59136K, reserved 1099776K
  class space    used 7414K, capacity 7877K, committed 7936K, reserved 1048576K
Event: 14.985 GC heap after
Heap after GC invocations=15 (full 2):
 PSYoungGen      total 814080K, used 15359K [0x000000076b900000, 0x00000007b4d00000, 0x00000007c0000000)
  eden space 798720K, 0% used [0x000000076b900000,0x000000076b900000,0x000000079c500000)
  from space 15360K, 99% used [0x000000079c500000,0x000000079d3ffc98,0x000000079d400000)
  to   space 23040K, 0% used [0x00000007b3680000,0x00000007b3680000,0x00000007b4d00000)
 ParOldGen       total 117760K, used 32864K [0x00000006c2a00000, 0x00000006c9d00000, 0x000000076b900000)
  object space 117760K, 27% used [0x00000006c2a00000,0x00000006c4a18310,0x00000006c9d00000)
 Metaspace       used 56658K, capacity 59044K, committed 59136K, reserved 1099776K
  class space    used 7414K, capacity 7877K, committed 7936K, reserved 1048576K
}
Event: 14.985 GC heap before
{Heap before GC invocations=16 (full 3):
 PSYoungGen      total 814080K, used 15359K [0x000000076b900000, 0x00000007b4d00000, 0x00000007c0000000)
  eden space 798720K, 0% used [0x000000076b900000,0x000000076b900000,0x000000079c500000)
  from space 15360K, 99% used [0x000000079c500000,0x000000079d3ffc98,0x000000079d400000)
  to   space 23040K, 0% used [0x00000007b3680000,0x00000007b3680000,0x00000007b4d00000)
 ParOldGen       total 117760K, used 32864K [0x00000006c2a00000, 0x00000006c9d00000, 0x000000076b900000)
  object space 117760K, 27% used [0x00000006c2a00000,0x00000006c4a18310,0x00000006c9d00000)
 Metaspace       used 56658K, capacity 59044K, committed 59136K, reserved 1099776K
  class space    used 7414K, capacity 7877K, committed 7936K, reserved 1048576K
Event: 15.138 GC heap after
Heap after GC invocations=16 (full 3):
 PSYoungGen      total 814080K, used 0K [0x000000076b900000, 0x00000007b4d00000, 0x00000007c0000000)
  eden space 798720K, 0% used [0x000000076b900000,0x000000076b900000,0x000000079c500000)
  from space 15360K, 0% used [0x000000079c500000,0x000000079c500000,0x000000079d400000)
  to   space 23040K, 0% used [0x00000007b3680000,0x00000007b3680000,0x00000007b4d00000)
 ParOldGen       total 172544K, used 44738K [0x00000006c2a00000, 0x00000006cd280000, 0x000000076b900000)
  object space 172544K, 25% used [0x00000006c2a00000,0x00000006c55b0ab0,0x00000006cd280000)
 Metaspace       used 56658K, capacity 59044K, committed 59136K, reserved 1099776K
  class space    used 7414K, capacity 7877K, committed 7936K, reserved 1048576K
}
Event: 21.696 GC heap before
{Heap before GC invocations=17 (full 3):
 PSYoungGen      total 814080K, used 798720K [0x000000076b900000, 0x00000007b4d00000, 0x00000007c0000000)
  eden space 798720K, 100% used [0x000000076b900000,0x000000079c500000,0x000000079c500000)
  from space 15360K, 0% used [0x000000079c500000,0x000000079c500000,0x000000079d400000)
  to   space 23040K, 0% used [0x00000007b3680000,0x00000007b3680000,0x00000007b4d00000)
 ParOldGen       total 172544K, used 44738K [0x00000006c2a00000, 0x00000006cd280000, 0x000000076b900000)
  object space 172544K, 25% used [0x00000006c2a00000,0x00000006c55b0ab0,0x00000006cd280000)
 Metaspace       used 68439K, capacity 72044K, committed 72192K, reserved 1112064K
  class space    used 8953K, capacity 9618K, committed 9728K, reserved 1048576K
Event: 21.717 GC heap after
Heap after GC invocations=17 (full 3):
 PSYoungGen      total 1078784K, used 23035K [0x000000076b900000, 0x00000007b4d00000, 0x00000007c0000000)
  eden space 1055744K, 0% used [0x000000076b900000,0x000000076b900000,0x00000007ac000000)
  from space 23040K, 99% used [0x00000007b3680000,0x00000007b4cfedd0,0x00000007b4d00000)
  to   space 27648K, 0% used [0x00000007b1700000,0x00000007b1700000,0x00000007b3200000)
 ParOldGen       total 172544K, used 47175K [0x00000006c2a00000, 0x00000006cd280000, 0x000000076b900000)
  object space 172544K, 27% used [0x00000006c2a00000,0x00000006c5811df0,0x00000006cd280000)
 Metaspace       used 68439K, capacity 72044K, committed 72192K, reserved 1112064K
  class space    used 8953K, capacity 9618K, committed 9728K, reserved 1048576K
}
Event: 12834.627 GC heap before
{Heap before GC invocations=18 (full 3):
 PSYoungGen      total 1078784K, used 1078779K [0x000000076b900000, 0x00000007b4d00000, 0x00000007c0000000)
  eden space 1055744K, 100% used [0x000000076b900000,0x00000007ac000000,0x00000007ac000000)
  from space 23040K, 99% used [0x00000007b3680000,0x00000007b4cfedd0,0x00000007b4d00000)
  to   space 27648K, 0% used [0x00000007b1700000,0x00000007b1700000,0x00000007b3200000)
 ParOldGen       total 172544K, used 47175K [0x00000006c2a00000, 0x00000006cd280000, 0x000000076b900000)
  object space 172544K, 27% used [0x00000006c2a00000,0x00000006c5811df0,0x00000006cd280000)
 Metaspace       used 84754K, capacity 90090K, committed 90240K, reserved 1128448K
  class space    used 11235K, capacity 12143K, committed 12160K, reserved 1048576K

