# JRE version: Java(TM) SE Runtime Environment (8.0_152-b16) (build 1.8.0_152-b16)
# Java VM: Java HotSpot(TM) 64-Bit Server VM (25.152-b16 mixed mode windows-amd64 compressed oops)
Heap:
 PSYoungGen      total 885248K, used 12790K [0x000000076b900000, 0x00000007a6680000, 0x00000007c0000000)
  eden space 872448K, 0% used [0x000000076b900000,0x000000076b900000,0x00000007a0d00000)
  from space 12800K, 99% used [0x00000007a3a80000,0x00000007a46fd8a0,0x00000007a4700000)
  to   space 32256K, 0% used [0x00000007a4700000,0x00000007a4700000,0x00000007a6680000)
 ParOldGen       total 185344K, used 81639K [0x00000006c2a00000, 0x00000006cdf00000, 0x000000076b900000)
  object space 185344K, 44% used [0x00000006c2a00000,0x00000006c79b9cb0,0x00000006cdf00000)
 Metaspace       used 93199K, capacity 98525K, committed 98560K, reserved 1134592K
  class space    used 12261K, capacity 13153K, committed 13184K, reserved 1048576K
GC Heap History (10 events):
Event: 17.181 GC heap after
Heap after GC invocations=14 (full 2):
 PSYoungGen      total 763904K, used 16371K [0x000000076b900000, 0x000000079c080000, 0x00000007c0000000)
  eden space 747520K, 0% used [0x000000076b900000,0x000000076b900000,0x0000000799300000)
  from space 16384K, 99% used [0x000000079b080000,0x000000079c07ce70,0x000000079c080000)
  to   space 22528K, 0% used [0x0000000799480000,0x0000000799480000,0x000000079aa80000)
 ParOldGen       total 126976K, used 32436K [0x00000006c2a00000, 0x00000006ca600000, 0x000000076b900000)
  object space 126976K, 25% used [0x00000006c2a00000,0x00000006c49ad2b8,0x00000006ca600000)
 Metaspace       used 56616K, capacity 59008K, committed 59136K, reserved 1099776K
  class space    used 7393K, capacity 7860K, committed 7936K, reserved 1048576K
}
Event: 17.181 GC heap before
{Heap before GC invocations=15 (full 3):
 PSYoungGen      total 763904K, used 16371K [0x000000076b900000, 0x000000079c080000, 0x00000007c0000000)
  eden space 747520K, 0% used [0x000000076b900000,0x000000076b900000,0x0000000799300000)
  from space 16384K, 99% used [0x000000079b080000,0x000000079c07ce70,0x000000079c080000)
  to   space 22528K, 0% used [0x0000000799480000,0x0000000799480000,0x000000079aa80000)
 ParOldGen       total 126976K, used 32436K [0x00000006c2a00000, 0x00000006ca600000, 0x000000076b900000)
  object space 126976K, 25% used [0x00000006c2a00000,0x00000006c49ad2b8,0x00000006ca600000)
 Metaspace       used 56616K, capacity 59008K, committed 59136K, reserved 1099776K
  class space    used 7393K, capacity 7860K, committed 7936K, reserved 1048576K
Event: 17.308 GC heap after
Heap after GC invocations=15 (full 3):
 PSYoungGen      total 763904K, used 0K [0x000000076b900000, 0x000000079c080000, 0x00000007c0000000)
  eden space 747520K, 0% used [0x000000076b900000,0x000000076b900000,0x0000000799300000)
  from space 16384K, 0% used [0x000000079b080000,0x000000079b080000,0x000000079c080000)
  to   space 22528K, 0% used [0x0000000799480000,0x0000000799480000,0x000000079aa80000)
 ParOldGen       total 185344K, used 42621K [0x00000006c2a00000, 0x00000006cdf00000, 0x000000076b900000)
  object space 185344K, 22% used [0x00000006c2a00000,0x00000006c539f400,0x00000006cdf00000)
 Metaspace       used 56616K, capacity 59008K, committed 59136K, reserved 1099776K
  class space    used 7393K, capacity 7860K, committed 7936K, reserved 1048576K
}
Event: 21.657 GC heap before
{Heap before GC invocations=16 (full 3):
 PSYoungGen      total 763904K, used 747520K [0x000000076b900000, 0x000000079c080000, 0x00000007c0000000)
  eden space 747520K, 100% used [0x000000076b900000,0x0000000799300000,0x0000000799300000)
  from space 16384K, 0% used [0x000000079b080000,0x000000079b080000,0x000000079c080000)
  to   space 22528K, 0% used [0x0000000799480000,0x0000000799480000,0x000000079aa80000)
 ParOldGen       total 185344K, used 42621K [0x00000006c2a00000, 0x00000006cdf00000, 0x000000076b900000)
  object space 185344K, 22% used [0x00000006c2a00000,0x00000006c539f400,0x00000006cdf00000)
 Metaspace       used 68059K, capacity 71486K, committed 71808K, reserved 1112064K
  class space    used 8831K, capacity 9474K, committed 9600K, reserved 1048576K
Event: 21.674 GC heap after
Heap after GC invocations=16 (full 3):
 PSYoungGen      total 771584K, used 22078K [0x000000076b900000, 0x00000007a7f80000, 0x00000007c0000000)
  eden space 749056K, 0% used [0x000000076b900000,0x000000076b900000,0x0000000799480000)
  from space 22528K, 98% used [0x0000000799480000,0x000000079aa0fa08,0x000000079aa80000)
  to   space 26112K, 0% used [0x00000007a6600000,0x00000007a6600000,0x00000007a7f80000)
 ParOldGen       total 185344K, used 42629K [0x00000006c2a00000, 0x00000006cdf00000, 0x000000076b900000)
  object space 185344K, 22% used [0x00000006c2a00000,0x00000006c53a1400,0x00000006cdf00000)
 Metaspace       used 68059K, capacity 71486K, committed 71808K, reserved 1112064K
  class space    used 8831K, capacity 9474K, committed 9600K, reserved 1048576K
}
Event: 57.770 GC heap before
{Heap before GC invocations=17 (full 3):
 PSYoungGen      total 771584K, used 771134K [0x000000076b900000, 0x00000007a7f80000, 0x00000007c0000000)
  eden space 749056K, 100% used [0x000000076b900000,0x0000000799480000,0x0000000799480000)
  from space 22528K, 98% used [0x0000000799480000,0x000000079aa0fa08,0x000000079aa80000)
  to   space 26112K, 0% used [0x00000007a6600000,0x00000007a6600000,0x00000007a7f80000)
 ParOldGen       total 185344K, used 42629K [0x00000006c2a00000, 0x00000006cdf00000, 0x000000076b900000)
  object space 185344K, 22% used [0x00000006c2a00000,0x00000006c53a1400,0x00000006cdf00000)
 Metaspace       used 83481K, capacity 88294K, committed 88448K, reserved 1126400K
  class space    used 11070K, capacity 11880K, committed 11904K, reserved 1048576K
Event: 57.799 GC heap after
Heap after GC invocations=17 (full 3):
 PSYoungGen      total 937984K, used 26094K [0x000000076b900000, 0x00000007a7f80000, 0x00000007c0000000)
  eden space 911872K, 0% used [0x000000076b900000,0x000000076b900000,0x00000007a3380000)
  from space 26112K, 99% used [0x00000007a6600000,0x00000007a7f7b8a0,0x00000007a7f80000)
  to   space 35328K, 0% used [0x00000007a3a80000,0x00000007a3a80000,0x00000007a5d00000)
 ParOldGen       total 185344K, used 56693K [0x00000006c2a00000, 0x00000006cdf00000, 0x000000076b900000)
  object space 185344K, 30% used [0x00000006c2a00000,0x00000006c615d470,0x00000006cdf00000)
 Metaspace       used 83481K, capacity 88294K, committed 88448K, reserved 1126400K
  class space    used 11070K, capacity 11880K, committed 11904K, reserved 1048576K
}
Event: 3983.283 GC heap before
{Heap before GC invocations=18 (full 3):
 PSYoungGen      total 937984K, used 484237K [0x000000076b900000, 0x00000007a7f80000, 0x00000007c0000000)
  eden space 911872K, 50% used [0x000000076b900000,0x0000000787867f30,0x00000007a3380000)
  from space 26112K, 99% used [0x00000007a6600000,0x00000007a7f7b8a0,0x00000007a7f80000)
  to   space 35328K, 0% used [0x00000007a3a80000,0x00000007a3a80000,0x00000007a5d00000)
 ParOldGen       total 185344K, used 56693K [0x00000006c2a00000, 0x00000006cdf00000, 0x000000076b900000)
  object space 185344K, 30% used [0x00000006c2a00000,0x00000006c615d470,0x00000006cdf00000)
 Metaspace       used 93199K, capacity 98525K, committed 98560K, reserved 1134592K
  class space    used 12261K, capacity 13153K, committed 13184K, reserved 1048576K
Event: 3983.315 GC heap after
Heap after GC invocations=18 (full 3):
 PSYoungGen      total 885248K, used 12790K [0x000000076b900000, 0x00000007a6680000, 0x00000007c0000000)
  eden space 872448K, 0% used [0x000000076b900000,0x000000076b900000,0x00000007a0d00000)
  from space 12800K, 99% used [0x00000007a3a80000,0x00000007a46fd8a0,0x00000007a4700000)
  to   space 32256K, 0% used [0x00000007a4700000,0x00000007a4700000,0x00000007a6680000)
 ParOldGen       total 185344K, used 81639K [0x00000006c2a00000, 0x00000006cdf00000, 0x000000076b900000)
  object space 185344K, 44% used [0x00000006c2a00000,0x00000006c79b9cb0,0x00000006cdf00000)
 Metaspace       used 93199K, capacity 98525K, committed 98560K, reserved 1134592K
  class space    used 12261K, capacity 13153K, committed 13184K, reserved 1048576K
}
Event: 3983.315 GC heap before
{Heap before GC invocations=19 (full 4):
 PSYoungGen      total 885248K, used 12790K [0x000000076b900000, 0x00000007a6680000, 0x00000007c0000000)
  eden space 872448K, 0% used [0x000000076b900000,0x000000076b900000,0x00000007a0d00000)
  from space 12800K, 99% used [0x00000007a3a80000,0x00000007a46fd8a0,0x00000007a4700000)
  to   space 32256K, 0% used [0x00000007a4700000,0x00000007a4700000,0x00000007a6680000)
 ParOldGen       total 185344K, used 81639K [0x00000006c2a00000, 0x00000006cdf00000, 0x000000076b900000)
  object space 185344K, 44% used [0x00000006c2a00000,0x00000006c79b9cb0,0x00000006cdf00000)
 Metaspace       used 93199K, capacity 98525K, committed 98560K, reserved 1134592K
  class space    used 12261K, capacity 13153K, committed 13184K, reserved 1048576K

